#
# There is insufficient memory for the Java Runtime Environment to continue.
# Native memory allocation (mmap) failed to map 130023424 bytes for Failed to commit area from 0x0000000084400000 to 0x000000008c000000 of length 130023424.
# Possible reasons:
#   The system is out of physical RAM or swap space
#   The process is running with CompressedOops enabled, and the Java Heap may be blocking the growth of the native heap
# Possible solutions:
#   Reduce memory load on the system
#   Increase physical memory or swap space
#   Check if swap backing store is full
#   Decrease Java heap size (-Xmx/-Xms)
#   Decrease number of Java threads
#   Decrease Java thread stack sizes (-Xss)
#   Set larger code cache with -XX:ReservedCodeCacheSize=
# This output file may be truncated or incomplete.
#
#  Out of Memory Error (t:/workspace/open/src/hotspot/os/windows/os_windows.cpp:3264), pid=13348, tid=14300
#
# JRE version:  (12.0.2+10) (build )
# Java VM: Java HotSpot(TM) 64-Bit Server VM (12.0.2+10, mixed mode, sharing, tiered, compressed oops, g1 gc, windows-amd64)
# No core dump will be written. Minidumps are not enabled by default on client versions of Windows
#

---------------  S U M M A R Y ------------

Command Line: -agentlib:jdwp=transport=dt_socket,server=n,suspend=y,address=localhost:54037 main

Host: Intel(R) Core(TM) i7-10700 CPU @ 2.90GHz, 16 cores, 7G,  Windows 10 , 64 bit Build 19041 (10.0.19041.5198)
Time: Mon Mar 10 10:19:10 2025 Eastern Daylight Time elapsed time: 0 seconds (0d 0h 0m 0s)

---------------  T H R E A D  ---------------

Current thread (0x00000197b5aea800):  JavaThread "Unknown thread" [_thread_in_vm, id=14300, stack(0x00000090c6e00000,0x00000090c6f00000)]

Stack: [0x00000090c6e00000,0x00000090c6f00000]
Native frames: (J=compiled Java code, j=interpreted, Vv=VM code, C=native code)
V  [jvm.dll+0x63aa2a]
V  [jvm.dll+0x78ce1e]
V  [jvm.dll+0x78e4c1]
V  [jvm.dll+0x78eb13]
V  [jvm.dll+0x2627e8]
V  [jvm.dll+0x637f5a]
V  [jvm.dll+0x62c845]
V  [jvm.dll+0x31e49c]
V  [jvm.dll+0x31e2cf]
V  [jvm.dll+0x324006]
V  [jvm.dll+0x371f56]
V  [jvm.dll+0x371720]
V  [jvm.dll+0x2f845a]
V  [jvm.dll+0x2f96d2]
V  [jvm.dll+0x767267]
V  [jvm.dll+0x7689f5]
V  [jvm.dll+0x380059]
V  [jvm.dll+0x74b794]
V  [jvm.dll+0x3ef5cd]
V  [jvm.dll+0x3f1471]
C  [jli.dll+0x51cf]
C  [ucrtbase.dll+0x21bb2]
C  [KERNEL32.DLL+0x17374]
C  [ntdll.dll+0x4cc91]


---------------  P R O C E S S  ---------------

Threads class SMR info:
_java_thread_list=0x00007ff9b7637928, length=0, elements={
}

Java Threads: ( => current thread )

Other Threads:
  0x00000197b5b2a000 GCTaskThread "GC Thread#0" [stack: 0x00000090c6f00000,0x00000090c7000000] [id=9412]
  0x00000197b5b37000 ConcurrentGCThread "G1 Main Marker" [stack: 0x00000090c7000000,0x00000090c7100000] [id=14528]
  0x00000197b5b3b000 ConcurrentGCThread "G1 Conc#0" [stack: 0x00000090c7100000,0x00000090c7200000] [id=16664]

[error occurred during error reporting (printing all threads), id 0xc0000005, EXCEPTION_ACCESS_VIOLATION (0xc0000005) at pc=0x00007ff9b6e685e7]

VM state:not at safepoint (not fully initialized)

VM Mutex/Monitor currently owned by a thread:  ([mutex/lock_event])
[0x00000197b5ae71e0] Heap_lock - owner thread: 0x00000197b5aea800

Heap address: 0x0000000084400000, size: 1980 MB, Compressed Oops mode: Non-zero based: 0x0000000084400000
Narrow klass base: 0x0000000000000000, Narrow klass shift: 0

GC Heap History (0 events):
No events

Deoptimization events (0 events):
No events

Classes redefined (0 events):
No events

Internal exceptions (0 events):
No events

Events (0 events):
No events


Dynamic libraries:
0x00007ff710fc0000 - 0x00007ff710fcf000 	C:\Program Files\Java\jdk-12.0.2\bin\java.exe
0x00007ffa3b1b0000 - 0x00007ffa3b3a8000 	C:\WINDOWS\SYSTEM32\ntdll.dll
0x00007ffa3a590000 - 0x00007ffa3a652000 	C:\WINDOWS\System32\KERNEL32.DLL
0x00007ffa38b80000 - 0x00007ffa38e7e000 	C:\WINDOWS\System32\KERNELBASE.dll
0x00007ffa39060000 - 0x00007ffa39160000 	C:\WINDOWS\System32\ucrtbase.dll
0x00007ff9fea60000 - 0x00007ff9fea78000 	C:\Program Files\Java\jdk-12.0.2\bin\jli.dll
0x00007ffa03690000 - 0x00007ffa036a6000 	C:\Program Files\Java\jdk-12.0.2\bin\VCRUNTIME140.dll
0x00007ffa3a890000 - 0x00007ffa3a941000 	C:\WINDOWS\System32\ADVAPI32.dll
0x00007ffa3a340000 - 0x00007ffa3a3de000 	C:\WINDOWS\System32\msvcrt.dll
0x00007ffa39920000 - 0x00007ffa399bf000 	C:\WINDOWS\System32\sechost.dll
0x00007ffa39b70000 - 0x00007ffa39c93000 	C:\WINDOWS\System32\RPCRT4.dll
0x00007ffa388e0000 - 0x00007ffa38907000 	C:\WINDOWS\System32\bcrypt.dll
0x00007ffa3a660000 - 0x00007ffa3a7fd000 	C:\WINDOWS\System32\USER32.dll
0x00007ffa38fe0000 - 0x00007ffa39002000 	C:\WINDOWS\System32\win32u.dll
0x00007ffa14e90000 - 0x00007ffa1512a000 	C:\WINDOWS\WinSxS\amd64_microsoft.windows.common-controls_6595b64144ccf1df_6.0.19041.4355_none_60b8b9eb71f62e16\COMCTL32.dll
0x00007ffa39d50000 - 0x00007ffa39d7b000 	C:\WINDOWS\System32\GDI32.dll
0x00007ffa38910000 - 0x00007ffa38a27000 	C:\WINDOWS\System32\gdi32full.dll
0x00007ffa38ae0000 - 0x00007ffa38b7d000 	C:\WINDOWS\System32\msvcp_win.dll
0x00007ffa30db0000 - 0x00007ffa30dba000 	C:\WINDOWS\SYSTEM32\VERSION.dll
0x00007ffa39720000 - 0x00007ffa3974f000 	C:\WINDOWS\System32\IMM32.DLL
0x00000197b5190000 - 0x00000197b51a6000 	C:\WINDOWS\System32\umppc19205.dll
0x00000197b51d0000 - 0x00000197b51e3000 	C:\WINDOWS\System32\CsXumd64_19205.dll
0x00007ff9b76e0000 - 0x00007ff9b778a000 	C:\Program Files\Java\jdk-12.0.2\bin\msvcp140.dll
0x00007ff9b6b60000 - 0x00007ff9b76d7000 	C:\Program Files\Java\jdk-12.0.2\bin\server\jvm.dll
0x00007ffa3a800000 - 0x00007ffa3a808000 	C:\WINDOWS\System32\PSAPI.DLL
0x00007ffa22c90000 - 0x00007ffa22c99000 	C:\WINDOWS\SYSTEM32\WSOCK32.dll
0x00007ffa3a510000 - 0x00007ffa3a57b000 	C:\WINDOWS\System32\WS2_32.dll
0x00007ffa20cd0000 - 0x00007ffa20cf7000 	C:\WINDOWS\SYSTEM32\WINMM.dll
0x00007ffa37130000 - 0x00007ffa37142000 	C:\WINDOWS\SYSTEM32\kernel.appcore.dll
0x00007ff9f74a0000 - 0x00007ff9f74b1000 	C:\Program Files\Java\jdk-12.0.2\bin\verify.dll
0x00007ffa36b50000 - 0x00007ffa36d34000 	C:\WINDOWS\SYSTEM32\DBGHELP.DLL
0x00007ffa12430000 - 0x00007ffa12464000 	C:\WINDOWS\SYSTEM32\dbgcore.DLL
0x00007ffa38850000 - 0x00007ffa388d2000 	C:\WINDOWS\System32\bcryptPrimitives.dll
0x00007ff9f7470000 - 0x00007ff9f7496000 	C:\Program Files\Java\jdk-12.0.2\bin\java.dll
0x00007ffa20910000 - 0x00007ffa20948000 	C:\Program Files\Java\jdk-12.0.2\bin\jdwp.dll
0x00007ff9f7450000 - 0x00007ff9f7467000 	C:\Program Files\Java\jdk-12.0.2\bin\zip.dll
0x00007ffa12ec0000 - 0x00007ffa12eca000 	C:\Program Files\Java\jdk-12.0.2\bin\jimage.dll

dbghelp: loaded successfully - version: 4.0.5 - missing functions: none
symbol engine: initialized successfully - sym options: 0x614 - pdb path: .;C:\Program Files\Java\jdk-12.0.2\bin;C:\WINDOWS\SYSTEM32;C:\WINDOWS\WinSxS\amd64_microsoft.windows.common-controls_6595b64144ccf1df_6.0.19041.4355_none_60b8b9eb71f62e16;C:\Program Files\Java\jdk-12.0.2\bin\server

VM Arguments:
jvm_args: -agentlib:jdwp=transport=dt_socket,server=n,suspend=y,address=localhost:54037 
java_command: main
java_class_path (initial): C:\Users\urichardson\AppData\Roaming\Code\User\workspaceStorage\c272bde456865bc6e0182db0a8db11a7\redhat.java\jdt_ws\NewFile_aed36024\bin
Launcher Type: SUN_STANDARD

[Global flags]
     intx CICompilerCount                          = 12                                        {product} {ergonomic}
     uint ConcGCThreads                            = 3                                         {product} {ergonomic}
     uint G1ConcRefinementThreads                  = 13                                        {product} {ergonomic}
   size_t G1HeapRegionSize                         = 1048576                                   {product} {ergonomic}
    uintx GCDrainStackTargetSize                   = 64                                        {product} {ergonomic}
   size_t InitialHeapSize                          = 130023424                                 {product} {ergonomic}
   size_t MarkStackSize                            = 4194304                                   {product} {ergonomic}
   size_t MaxHeapSize                              = 2076180480                                {product} {ergonomic}
   size_t MinHeapDeltaBytes                        = 1048576                                   {product} {ergonomic}
    uintx NonNMethodCodeHeapSize                   = 7594288                                {pd product} {ergonomic}
    uintx NonProfiledCodeHeapSize                  = 122031976                              {pd product} {ergonomic}
    uintx ProfiledCodeHeapSize                     = 122031976                              {pd product} {ergonomic}
    uintx ReservedCodeCacheSize                    = 251658240                              {pd product} {ergonomic}
     bool SegmentedCodeCache                       = true                                      {product} {ergonomic}
     bool UseCompressedClassPointers               = true                                 {lp64_product} {ergonomic}
     bool UseCompressedOops                        = true                                 {lp64_product} {ergonomic}
     bool UseG1GC                                  = true                                      {product} {ergonomic}
     bool UseLargePagesIndividualAllocation        = false                                  {pd product} {ergonomic}

Logging:
Log output configuration:
 #0: stdout all=warning uptime,level,tags
 #1: stderr all=off uptime,level,tags

Environment Variables:
JAVA_HOME=C:\Program Files\Java\jdk-12.0.2
PATH=C:\Program Files (x86)\Python36-32\Scripts\;C:\Program Files (x86)\Python36-32\;C:\Program Files\Python310\Scripts\;C:\Program Files\Python310\;C:\Program Files (x86)\Common Files\Oracle\Java\javapath;C:\WINDOWS\system32;C:\WINDOWS;C:\WINDOWS\System32\Wbem;C:\WINDOWS\System32\WindowsPowerShell\v1.0\;C:\WINDOWS\System32\OpenSSH\;C:\Program Files (x86)\IVI Foundation\VISA\WinNT\Bin;C:\Program Files (x86)\Common Files\Netop\;C:\Program Files (x86)\Netop\Vision\XL\;C:\Program Files\Microsoft VS Code\bin;C:\Program Files\dotnet\;C:\Program Files (x86)\IVI Foundation\VISA\WinNT\Bin\;C:\Program Files\IVI Foundation\VISA\Win64\Bin\;C:\Program Files\Common Files\Autodesk Shared\;C:\Program Files\Microsoft SQL Server\150\Tools\Binn\;C:\Users\urichardson\AppData\Local\Microsoft\WindowsApps;C:\Users\urichardson\AppData\Local\GitHubDesktop\bin
USERNAME=urichardson
OS=Windows_NT
PROCESSOR_IDENTIFIER=Intel64 Family 6 Model 165 Stepping 5, GenuineIntel



---------------  S Y S T E M  ---------------

OS: Windows 10 , 64 bit Build 19041 (10.0.19041.5198)

CPU:total 16 (initial active 16) (8 cores per cpu, 2 threads per core) family 6 model 165 stepping 5, cmov, cx8, fxsr, mmx, sse, sse2, sse3, ssse3, sse4.1, sse4.2, popcnt, avx, avx2, aes, clmul, erms, 3dnowpref, lzcnt, ht, tsc, tscinvbit, bmi1, bmi2, adx, fma

Memory: 4k page, system-wide physical 7918M (1514M free)
TotalPageFile size 8792M (AvailPageFile size 95M)
current process WorkingSet (physical memory assigned to process): 10M, peak: 10M
current process commit charge ("private bytes"): 70M, peak: 194M

vm_info: Java HotSpot(TM) 64-Bit Server VM (12.0.2+10) for windows-amd64 JRE (12.0.2+10), built on Jul 16 2019 01:56:17 by "mach5one" with MS VC++ 15.5 (VS2017)

END.
